2026-01-13 04:57:14,316 - INFO - === [Arbitrage Bot] 시작 단계: 1 ===
2026-01-13 04:57:14,316 - INFO - 
[1] 설정: 비트겟 안전장치 가동
2026-01-13 04:57:15,671 - INFO - 
[2] 진입: 비트겟 현물 스마트 매수
2026-01-13 04:57:16,791 - INFO -  -> [1회차] 매수 시도: 141.38 (수량: 0.11)
2026-01-13 04:57:17,986 - INFO -  -> [체결 완료] bitget 주문 성공
2026-01-13 04:57:17,988 - INFO - 
[3] 방어: 비트겟 선물 숏 헷징
2026-01-13 04:57:18,062 - INFO -  -> 숏 포지션 진입 완료
2026-01-13 04:57:18,062 - INFO - 
[4] 이동: 비트겟 -> 업비트 전송
2026-01-13 04:57:18,411 - INFO -  -> 출금 요청 완료 (0.1099 SOL)
2026-01-13 04:57:18,412 - INFO - 
[5] 검증: 업비트 입금 확인 대기
2026-01-13 04:57:18,743 - INFO -  -> 검증 시작 | 시작 잔고: 0 | 목표 잔고: 0.104405
2026-01-13 04:57:18,964 - INFO -  -> 대기중... 현재: 0 / 목표: 0.104405 (부족량: 0.1044)
2026-01-13 04:57:29,214 - INFO -  -> 대기중... 현재: 0 / 목표: 0.104405 (부족량: 0.1044)
2026-01-13 04:57:39,451 - INFO -  -> 대기중... 현재: 0 / 목표: 0.104405 (부족량: 0.1044)
2026-01-13 04:57:49,692 - INFO -  -> 대기중... 현재: 0 / 목표: 0.104405 (부족량: 0.1044)
2026-01-13 04:57:59,916 - INFO -  -> 대기중... 현재: 0 / 목표: 0.104405 (부족량: 0.1044)
2026-01-13 04:58:10,207 - INFO -  -> 대기중... 현재: 0 / 목표: 0.104405 (부족량: 0.1044)
2026-01-13 04:58:20,475 - INFO -  -> 대기중... 현재: 0 / 목표: 0.104405 (부족량: 0.1044)
2026-01-13 04:58:30,760 - INFO -  -> 대기중... 현재: 0 / 목표: 0.104405 (부족량: 0.1044)
2026-01-13 04:58:41,065 - INFO -  -> 대기중... 현재: 0 / 목표: 0.104405 (부족량: 0.1044)
2026-01-13 04:58:51,320 - INFO -  -> 대기중... 현재: 0 / 목표: 0.104405 (부족량: 0.1044)
2026-01-13 04:59:01,559 - INFO -  -> 대기중... 현재: 0 / 목표: 0.104405 (부족량: 0.1044)
2026-01-13 04:59:11,823 - INFO -  -> 대기중... 현재: 0 / 목표: 0.104405 (부족량: 0.1044)
2026-01-13 04:59:22,081 - INFO -  -> 대기중... 현재: 0 / 목표: 0.104405 (부족량: 0.1044)
2026-01-13 04:59:32,352 - INFO -  -> 대기중... 현재: 0 / 목표: 0.104405 (부족량: 0.1044)
2026-01-13 04:59:42,611 - INFO -  -> 대기중... 현재: 0 / 목표: 0.104405 (부족량: 0.1044)
2026-01-13 04:59:52,840 - INFO -  -> 대기중... 현재: 0 / 목표: 0.104405 (부족량: 0.1044)
2026-01-13 05:00:03,074 - INFO -  -> 대기중... 현재: 0 / 목표: 0.104405 (부족량: 0.1044)
2026-01-13 05:00:13,319 - INFO -  -> 대기중... 현재: 0 / 목표: 0.104405 (부족량: 0.1044)
2026-01-13 05:00:23,639 - INFO -  -> 대기중... 현재: 0 / 목표: 0.104405 (부족량: 0.1044)
2026-01-13 05:00:33,866 - INFO -  -> 대기중... 현재: 0 / 목표: 0.104405 (부족량: 0.1044)
2026-01-13 05:00:44,140 - INFO -  -> 대기중... 현재: 0 / 목표: 0.104405 (부족량: 0.1044)
2026-01-13 05:00:54,380 - INFO -  -> 대기중... 현재: 0 / 목표: 0.104405 (부족량: 0.1044)
2026-01-13 05:01:04,678 - INFO -  -> 대기중... 현재: 0 / 목표: 0.104405 (부족량: 0.1044)
2026-01-13 05:01:14,920 - INFO -  -> 대기중... 현재: 0 / 목표: 0.104405 (부족량: 0.1044)
2026-01-13 05:01:25,229 - INFO -  -> 대기중... 현재: 0 / 목표: 0.104405 (부족량: 0.1044)
2026-01-13 05:01:35,467 - INFO -  -> 대기중... 현재: 0 / 목표: 0.104405 (부족량: 0.1044)
2026-01-13 05:01:45,713 - INFO -  -> 대기중... 현재: 0 / 목표: 0.104405 (부족량: 0.1044)
2026-01-13 05:01:55,948 - INFO -  -> 대기중... 현재: 0.1039 / 목표: 0.104405 (부족량: 0.0005)
2026-01-13 05:02:06,205 - INFO -  -> 대기중... 현재: 0.1039 / 목표: 0.104405 (부족량: 0.0005)
2026-01-13 05:02:16,534 - INFO -  -> 대기중... 현재: 0.1039 / 목표: 0.104405 (부족량: 0.0005)
2026-01-13 05:02:26,873 - INFO -  -> 대기중... 현재: 0.1039 / 목표: 0.104405 (부족량: 0.0005)
2026-01-13 05:02:37,155 - INFO -  -> 대기중... 현재: 0.1039 / 목표: 0.104405 (부족량: 0.0005)
2026-01-13 05:02:47,435 - INFO -  -> 대기중... 현재: 0.1039 / 목표: 0.104405 (부족량: 0.0005)
2026-01-13 05:02:57,743 - INFO -  -> 대기중... 현재: 0.1039 / 목표: 0.104405 (부족량: 0.0005)
2026-01-13 05:03:08,020 - INFO -  -> 대기중... 현재: 0.1039 / 목표: 0.104405 (부족량: 0.0005)
2026-01-13 05:08:00,890 - INFO - === [Arbitrage Bot] 시작 단계: 1 ===
2026-01-13 05:08:00,890 - INFO - 
[1] 설정: 비트겟 안전장치 가동
2026-01-13 05:08:02,272 - INFO - 
[2] 진입: 비트겟 현물 스마트 매수
2026-01-13 05:08:03,427 - INFO -  -> [1회차] 매수 시도: 141.79 (수량: 0.11)
2026-01-13 05:08:04,630 - INFO -  -> [체결 완료] bitget 주문 성공
2026-01-13 05:08:04,630 - INFO - 
[3] 방어: 비트겟 선물 숏 헷징
2026-01-13 05:08:04,701 - INFO -  -> 숏 포지션 진입 완료
2026-01-13 05:08:04,702 - INFO - 
[4] 이동: 비트겟 -> 업비트 전송
2026-01-13 05:08:05,100 - INFO -  -> 출금 요청 완료 (0.1099 SOL)
2026-01-13 05:08:05,100 - INFO - 
[5] 검증: 업비트 입금 확인 대기
2026-01-13 05:08:05,394 - INFO -  -> 검증 시작 | 시작 잔고: 0 | 목표 잔고: 0.09891
2026-01-13 05:08:05,631 - INFO -  -> 대기중... 현재: 0 / 목표: 0.09891 (부족량: 0.0989)
2026-01-13 05:08:15,885 - INFO -  -> 대기중... 현재: 0 / 목표: 0.09891 (부족량: 0.0989)
2026-01-13 05:08:26,130 - INFO -  -> 대기중... 현재: 0 / 목표: 0.09891 (부족량: 0.0989)
2026-01-13 05:08:36,428 - INFO -  -> 대기중... 현재: 0 / 목표: 0.09891 (부족량: 0.0989)
2026-01-13 05:08:46,673 - INFO -  -> 대기중... 현재: 0 / 목표: 0.09891 (부족량: 0.0989)
2026-01-13 05:08:56,931 - INFO -  -> 대기중... 현재: 0 / 목표: 0.09891 (부족량: 0.0989)
2026-01-13 05:09:07,193 - INFO -  -> 대기중... 현재: 0 / 목표: 0.09891 (부족량: 0.0989)
2026-01-13 05:09:17,450 - INFO -  -> 대기중... 현재: 0 / 목표: 0.09891 (부족량: 0.0989)
2026-01-13 05:09:27,694 - INFO -  -> 대기중... 현재: 0 / 목표: 0.09891 (부족량: 0.0989)
2026-01-13 05:09:37,994 - INFO -  -> 대기중... 현재: 0 / 목표: 0.09891 (부족량: 0.0989)
2026-01-13 05:09:48,228 - INFO -  -> 대기중... 현재: 0 / 목표: 0.09891 (부족량: 0.0989)
2026-01-13 05:09:58,462 - INFO -  -> 대기중... 현재: 0 / 목표: 0.09891 (부족량: 0.0989)
2026-01-13 05:10:08,705 - INFO -  -> 대기중... 현재: 0 / 목표: 0.09891 (부족량: 0.0989)
2026-01-13 05:10:18,953 - INFO -  -> 대기중... 현재: 0 / 목표: 0.09891 (부족량: 0.0989)
2026-01-13 05:10:29,252 - INFO -  -> 대기중... 현재: 0 / 목표: 0.09891 (부족량: 0.0989)
2026-01-13 05:10:39,501 - INFO -  -> 대기중... 현재: 0 / 목표: 0.09891 (부족량: 0.0989)
2026-01-13 05:10:49,748 - INFO -  -> 대기중... 현재: 0 / 목표: 0.09891 (부족량: 0.0989)
2026-01-13 05:10:59,994 - INFO -  -> 대기중... 현재: 0 / 목표: 0.09891 (부족량: 0.0989)
2026-01-13 05:11:10,272 - INFO -  -> 대기중... 현재: 0 / 목표: 0.09891 (부족량: 0.0989)
2026-01-13 05:11:20,515 - INFO -  -> 대기중... 현재: 0 / 목표: 0.09891 (부족량: 0.0989)
2026-01-13 05:11:30,811 - INFO -  -> 대기중... 현재: 0 / 목표: 0.09891 (부족량: 0.0989)
2026-01-13 05:11:41,040 - INFO -  -> 대기중... 현재: 0 / 목표: 0.09891 (부족량: 0.0989)
2026-01-13 05:11:51,276 - INFO -  -> 대기중... 현재: 0 / 목표: 0.09891 (부족량: 0.0989)
2026-01-13 05:12:01,521 - INFO -  -> 대기중... 현재: 0 / 목표: 0.09891 (부족량: 0.0989)
2026-01-13 05:12:11,779 - INFO -  -> 대기중... 현재: 0 / 목표: 0.09891 (부족량: 0.0989)
2026-01-13 05:12:22,023 - INFO -  -> 대기중... 현재: 0 / 목표: 0.09891 (부족량: 0.0989)
2026-01-13 05:12:32,323 - INFO -  -> 대기중... 현재: 0 / 목표: 0.09891 (부족량: 0.0989)
2026-01-13 05:12:42,618 - INFO -  -> 대기중... 현재: 0 / 목표: 0.09891 (부족량: 0.0989)
2026-01-13 05:12:52,873 - INFO -  -> [확인 완료] 현재 잔고: 0.1039 >= 목표: 0.09891
2026-01-13 05:12:52,873 - INFO - 
[6] 청산: 업비트 SOL 매도 (현금화)
2026-01-13 05:12:53,114 - INFO -  -> 현재 잔고 조회 결과: 0.1039 SOL
2026-01-13 05:12:53,324 - INFO -  -> [1회차] 매도 시도: 208100 (수량: 0.1039)
2026-01-13 05:12:54,811 - INFO -  -> [체결 완료] upbit 주문 성공
2026-01-13 05:12:54,812 - INFO - 
[7] 종료: 비트겟 숏 포지션 정리
2026-01-13 05:12:54,879 - INFO -  -> 숏 포지션 종료 완료
2026-01-13 05:12:54,880 - INFO - 
[8] 환전: KRW -> USDT 재매수
2026-01-13 05:12:57,354 - INFO -  -> 환전 시도: 21589원 (약 14.6667 USDT)
2026-01-13 05:12:57,563 - INFO -  -> [1회차] 매수 시도: 1472 (수량: 14.6667)
2026-01-13 05:12:59,043 - INFO -  -> [체결 완료] upbit 주문 성공
2026-01-13 05:12:59,043 - INFO - 
[9] 회수: USDT -> 비트겟 전송 (TRC20)
2026-01-13 05:13:01,274 - INFO -  -> 전송 시도: 13.16670055 USDT -> TQMYawtVdgjr67sEmKmQV1DG9W1z74iuze
2026-01-13 05:13:01,548 - ERROR -  -> 송금 요청 실패: {'error': {'message': '잘못된 파라미터 입니다.', 'name': 'invalid_parameter'}}
2026-01-13 05:13:01,548 - INFO - 
=== 프로세스 종료 ===
2026-01-13 05:15:21,852 - INFO - === [Arbitrage Bot] 시작 단계: 9 ===
2026-01-13 05:15:21,853 - INFO - 
[9] 회수: USDT -> 비트겟 전송 (TRC20)
2026-01-13 05:15:24,181 - INFO -  -> 전송 시도: 13.16 USDT -> TQMYawtVdgjr67sEmKmQV1DG9W1z74iuze
2026-01-13 05:15:24,462 - ERROR -  -> 송금 요청 실패: {'error': {'message': '잘못된 파라미터 입니다.', 'name': 'invalid_parameter'}}
2026-01-13 05:15:24,463 - INFO - 
=== 프로세스 종료 ===
2026-01-13 05:15:30,068 - INFO - === [Arbitrage Bot] 시작 단계: 9 ===
2026-01-13 05:15:30,069 - INFO - 
[9] 회수: USDT -> 비트겟 전송 (TRC20)
2026-01-13 05:15:32,354 - INFO -  -> 전송 시도: 13.16 USDT -> TQMYawtVdgjr67sEmKmQV1DG9W1z74iuze
2026-01-13 05:15:32,627 - ERROR -  -> 송금 요청 실패: {'error': {'message': '잘못된 파라미터 입니다.', 'name': 'invalid_parameter'}}
2026-01-13 05:15:32,628 - INFO - 
=== 프로세스 종료 ===
2026-01-13 05:19:33,293 - INFO - === [Arbitrage Bot] 시작 단계: 9 ===
2026-01-13 05:19:33,293 - INFO - 
[9] 회수: USDT -> 비트겟 전송 (TRC20)
2026-01-13 05:19:35,634 - INFO -  -> 전송 시도: 13.16 USDT -> TQMYawtVdgjr67sEmKmQV1DG9W1z74iuze
2026-01-13 05:19:35,920 - ERROR -  -> 송금 요청 실패: {'error': {'name': 'invalid_parameter', 'message': '잘못된 파라미터 입니다.'}}
2026-01-13 05:19:35,921 - INFO - 
=== 프로세스 종료 ===
2026-01-13 05:22:22,294 - INFO - === [Arbitrage Bot] 시작 단계: 9 ===
2026-01-13 05:22:22,294 - INFO - 
[9] 회수: USDT -> 비트겟 전송 (TRC20)
2026-01-13 05:22:24,620 - INFO -  -> 전송 시도: 13.16 USDT -> TQMYawtVdgjr67sEmKmQV1DG9W1z74iuze
2026-01-13 05:22:24,930 - ERROR -  -> 송금 요청 실패: {'error': {'message': '등록된 출금 주소가 아닙니다.', 'name': 'withdraw_address_not_registered'}}
2026-01-13 05:22:24,931 - INFO - 
=== 프로세스 종료 ===
2026-01-13 05:24:20,997 - INFO - === [Arbitrage Bot] 시작 단계: 9 ===
2026-01-13 05:24:20,997 - INFO - 
[9] 회수: USDT -> 비트겟 전송 (TRC20)
2026-01-13 05:24:23,320 - INFO -  -> 전송 시도: 13.16 USDT -> TQMYawtVdgjr67sEmKmQV1DG9W1z74iuze
2026-01-13 05:24:23,921 - INFO -  -> [성공] 출금 신청 완료! (UUID: d4749c6c-6624-47c4-b9b9-99bc64a4047b)
2026-01-13 05:24:23,922 - INFO -  -> 업비트 앱에서 2채널 인증을 완료해주세요.
2026-01-13 05:24:23,922 - INFO - 
=== 프로세스 종료 ===
2026-01-13 05:27:58,567 - INFO - === [Arbitrage Bot] 시작 단계: 1 ===
2026-01-13 05:27:58,567 - INFO - 
[1] 설정: 비트겟 안전장치 가동
2026-01-13 05:27:59,952 - INFO - 
[2] 진입: 비트겟 현물 스마트 매수
2026-01-13 05:28:01,054 - INFO -  -> [1회차] 매수 시도: 140.94 (수량: 0.11)
2026-01-13 05:28:02,242 - INFO -  -> [체결 완료] bitget 주문 성공
2026-01-13 05:28:02,243 - INFO - 
[3] 방어: 비트겟 선물 숏 헷징
2026-01-13 05:28:02,316 - INFO -  -> 숏 포지션 진입 완료
2026-01-13 05:28:02,316 - INFO - 
[4] 이동: 비트겟 -> 업비트 전송
2026-01-13 05:28:02,684 - INFO -  -> 출금 요청 완료 (0.1099 SOL)
2026-01-13 05:28:02,686 - INFO - 
[5] 검증: 업비트 입금 확인 대기
2026-01-13 05:28:02,993 - INFO -  -> 검증 시작 | 시작 잔고: 0 | 목표 잔고: 0.09891
2026-01-13 05:28:03,218 - INFO -  -> 대기중... 현재: 0 / 목표: 0.09891 (부족량: 0.0989)
2026-01-13 05:28:13,457 - INFO -  -> 대기중... 현재: 0 / 목표: 0.09891 (부족량: 0.0989)
2026-01-13 05:28:23,690 - INFO -  -> 대기중... 현재: 0 / 목표: 0.09891 (부족량: 0.0989)
2026-01-13 05:28:33,940 - INFO -  -> 대기중... 현재: 0 / 목표: 0.09891 (부족량: 0.0989)
2026-01-13 05:28:44,177 - INFO -  -> 대기중... 현재: 0 / 목표: 0.09891 (부족량: 0.0989)
2026-01-13 05:28:54,424 - INFO -  -> 대기중... 현재: 0 / 목표: 0.09891 (부족량: 0.0989)
2026-01-13 05:29:04,677 - INFO -  -> 대기중... 현재: 0 / 목표: 0.09891 (부족량: 0.0989)
2026-01-13 05:29:14,906 - INFO -  -> 대기중... 현재: 0 / 목표: 0.09891 (부족량: 0.0989)
2026-01-13 05:29:25,202 - INFO -  -> 대기중... 현재: 0 / 목표: 0.09891 (부족량: 0.0989)
2026-01-13 05:29:35,449 - INFO -  -> 대기중... 현재: 0 / 목표: 0.09891 (부족량: 0.0989)
2026-01-13 05:29:45,701 - INFO -  -> 대기중... 현재: 0 / 목표: 0.09891 (부족량: 0.0989)
2026-01-13 05:29:55,939 - INFO -  -> 대기중... 현재: 0 / 목표: 0.09891 (부족량: 0.0989)
2026-01-13 05:30:06,227 - INFO -  -> 대기중... 현재: 0 / 목표: 0.09891 (부족량: 0.0989)
2026-01-13 05:30:16,459 - INFO -  -> 대기중... 현재: 0 / 목표: 0.09891 (부족량: 0.0989)
2026-01-13 05:30:26,741 - INFO -  -> 대기중... 현재: 0 / 목표: 0.09891 (부족량: 0.0989)
2026-01-13 05:30:36,991 - INFO -  -> 대기중... 현재: 0 / 목표: 0.09891 (부족량: 0.0989)
2026-01-13 05:30:47,237 - INFO -  -> 대기중... 현재: 0 / 목표: 0.09891 (부족량: 0.0989)
2026-01-13 05:30:57,475 - INFO -  -> 대기중... 현재: 0 / 목표: 0.09891 (부족량: 0.0989)
2026-01-13 05:31:07,753 - INFO -  -> 대기중... 현재: 0 / 목표: 0.09891 (부족량: 0.0989)
2026-01-13 05:31:17,998 - INFO -  -> 대기중... 현재: 0 / 목표: 0.09891 (부족량: 0.0989)
2026-01-13 05:31:28,278 - INFO -  -> 대기중... 현재: 0 / 목표: 0.09891 (부족량: 0.0989)
2026-01-13 05:31:38,539 - INFO -  -> 대기중... 현재: 0 / 목표: 0.09891 (부족량: 0.0989)
2026-01-13 05:31:48,791 - INFO -  -> 대기중... 현재: 0 / 목표: 0.09891 (부족량: 0.0989)
2026-01-13 05:31:59,052 - INFO -  -> 대기중... 현재: 0 / 목표: 0.09891 (부족량: 0.0989)
2026-01-13 05:32:09,335 - INFO -  -> 대기중... 현재: 0 / 목표: 0.09891 (부족량: 0.0989)
2026-01-13 05:32:19,614 - INFO -  -> 대기중... 현재: 0 / 목표: 0.09891 (부족량: 0.0989)
2026-01-13 05:32:29,859 - INFO -  -> 대기중... 현재: 0 / 목표: 0.09891 (부족량: 0.0989)
2026-01-13 05:32:40,123 - INFO -  -> 대기중... 현재: 0 / 목표: 0.09891 (부족량: 0.0989)
2026-01-13 05:32:50,369 - INFO -  -> [확인 완료] 현재 잔고: 0.1039 >= 목표: 0.09891
2026-01-13 05:32:50,369 - INFO - 
[6] 청산: 업비트 SOL 매도 (현금화)
2026-01-13 05:32:50,595 - INFO -  -> 현재 잔고 조회 결과: 0.1039 SOL
2026-01-13 05:32:50,810 - INFO -  -> [1회차] 매도 시도: 207200 (수량: 0.1039)
2026-01-13 05:32:52,311 - INFO -  -> [체결 완료] upbit 주문 성공
2026-01-13 05:32:52,311 - INFO - 
[7] 종료: 비트겟 숏 포지션 정리
2026-01-13 05:32:52,386 - INFO -  -> 숏 포지션 종료 완료
2026-01-13 05:32:52,386 - INFO - 
[8] 환전: KRW -> USDT 재매수
2026-01-13 05:32:54,829 - INFO -  -> 환전 시도: 21506원 (약 14.6005 USDT)
2026-01-13 05:32:55,039 - INFO -  -> [1회차] 매수 시도: 1473 (수량: 14.6005)
2026-01-13 05:32:56,547 - INFO -  -> [체결 완료] upbit 주문 성공
2026-01-13 05:32:56,547 - INFO - 
[9] 회수: USDT -> 비트겟 전송 (TRC20)
2026-01-13 05:32:58,779 - INFO -  -> 전송 시도: 14.6 USDT -> TQMYawtVdgjr67sEmKmQV1DG9W1z74iuze
2026-01-13 05:32:59,437 - INFO -  -> [성공] 출금 신청 완료! (UUID: 8593b118-8d98-4acb-9b02-2c0ddbef7141)
2026-01-13 05:32:59,437 - INFO - 
=== 프로세스 종료 ===
