26-01-24 11:09:34 - Step 1/8 매수
26-01-24 11:09:34 - 비트겟 현물 스마트 매수
26-01-24 11:09:35 -  -> [1회차] 매수 시도: 127.6 (수량: 0.11)
26-01-24 11:09:36 -  -> [체결 완료] bitget 주문 성공
26-01-24 11:09:36 - Step 2/8 헷징
26-01-24 11:09:36 - 비트겟 선물 숏 헷징
26-01-24 11:09:36 -  -> 숏 포지션 진입 완료
26-01-24 11:09:36 - Step 3/8 전송
26-01-24 11:09:36 - 비트겟 -> 업비트 전송
26-01-24 11:09:37 -  -> 출금 요청 완료 (0.1099 SOL)
26-01-24 11:09:37 - Step 4/8 입금 확인
26-01-24 11:09:37 - 업비트 입금 확인 대기
26-01-24 11:09:37 -  -> 검증 시작 | 시작 잔고: 0 | 목표 잔고: 0.09891
26-01-24 11:09:37 -  -> 대기중... 현재: 0 / 목표: 0.09891 (부족량: 0.0989)
26-01-24 11:09:48 -  -> 대기중... 현재: 0 / 목표: 0.09891 (부족량: 0.0989)
26-01-24 11:09:58 -  -> 대기중... 현재: 0 / 목표: 0.09891 (부족량: 0.0989)
26-01-24 11:10:08 -  -> 대기중... 현재: 0 / 목표: 0.09891 (부족량: 0.0989)
26-01-24 11:10:19 -  -> 대기중... 현재: 0 / 목표: 0.09891 (부족량: 0.0989)
26-01-24 11:10:29 -  -> 대기중... 현재: 0 / 목표: 0.09891 (부족량: 0.0989)
26-01-24 11:10:39 -  -> 대기중... 현재: 0 / 목표: 0.09891 (부족량: 0.0989)
26-01-24 11:10:49 -  -> 대기중... 현재: 0 / 목표: 0.09891 (부족량: 0.0989)
26-01-24 11:11:00 -  -> 대기중... 현재: 0 / 목표: 0.09891 (부족량: 0.0989)
26-01-24 11:11:10 -  -> 대기중... 현재: 0 / 목표: 0.09891 (부족량: 0.0989)
26-01-24 11:11:20 -  -> 대기중... 현재: 0 / 목표: 0.09891 (부족량: 0.0989)
26-01-24 11:11:30 -  -> 대기중... 현재: 0 / 목표: 0.09891 (부족량: 0.0989)
26-01-24 11:11:41 -  -> 대기중... 현재: 0 / 목표: 0.09891 (부족량: 0.0989)
26-01-24 11:11:51 -  -> 대기중... 현재: 0 / 목표: 0.09891 (부족량: 0.0989)
26-01-24 11:12:01 -  -> 대기중... 현재: 0 / 목표: 0.09891 (부족량: 0.0989)
26-01-24 11:12:11 -  -> 대기중... 현재: 0 / 목표: 0.09891 (부족량: 0.0989)
26-01-24 11:12:22 -  -> 대기중... 현재: 0 / 목표: 0.09891 (부족량: 0.0989)
26-01-24 11:12:32 -  -> 대기중... 현재: 0 / 목표: 0.09891 (부족량: 0.0989)
26-01-24 11:12:42 -  -> 대기중... 현재: 0 / 목표: 0.09891 (부족량: 0.0989)
26-01-24 11:12:53 -  -> 대기중... 현재: 0 / 목표: 0.09891 (부족량: 0.0989)
26-01-24 11:13:03 -  -> 대기중... 현재: 0 / 목표: 0.09891 (부족량: 0.0989)
26-01-24 11:13:13 -  -> 대기중... 현재: 0 / 목표: 0.09891 (부족량: 0.0989)
26-01-24 11:13:23 -  -> 대기중... 현재: 0 / 목표: 0.09891 (부족량: 0.0989)
26-01-24 11:13:34 -  -> 대기중... 현재: 0 / 목표: 0.09891 (부족량: 0.0989)
26-01-24 11:13:44 -  -> [확인 완료] 현재 잔고: 0.1039 >= 목표: 0.09891
26-01-24 11:13:44 - Step 5/8 매도
26-01-24 11:13:44 - 업비트 SOL 매도 (현금화)
26-01-24 11:13:44 -  -> 현재 잔고 조회 결과: 0.1039 SOL
26-01-24 11:13:44 -  -> [1회차] 매도 시도: 188200 (수량: 0.1039)
26-01-24 11:13:46 -  -> [체결 완료] upbit 주문 성공
26-01-24 11:13:46 - Step 6/8 숏 정리
26-01-24 11:13:46 - 비트겟 숏 포지션 정리
26-01-24 11:13:46 -  -> 숏 포지션 종료 완료
26-01-24 11:13:46 - Step 7/8 환전
26-01-24 11:13:46 - KRW -> USDT 재매수
26-01-24 11:13:48 -  -> 환전 시도: 19534원 (약 13.2527 USDT)
26-01-24 11:13:48 -  -> [1회차] 매수 시도: 1474 (수량: 13.2527)
26-01-24 11:13:50 -  -> [체결 완료] upbit 주문 성공
26-01-24 11:13:50 - Step 8/8 USDT 전송
26-01-24 11:13:50 - USDT -> 비트겟 전송 (TRC20)
26-01-24 11:13:52 -  -> 전송 시도: 13.25 USDT -> TQMYawtVdgjr67sEmKmQV1DG9W1z74iuze
26-01-24 11:13:53 -  -> [성공] 출금 신청 완료! (UUID: e3da4f42-2d0c-4bf6-9e5c-8cdd928f2bf7)
26-01-24 11:13:53 - === 프로세스 종료 ===
