2026-01-23 19:08:06,523 - Step 1/8 매수
2026-01-23 19:08:06,524 - 비트겟 현물 스마트 매수
2026-01-23 19:08:07,876 -  -> [1회차] 매수 시도: 127.28 (수량: 0.11)
2026-01-23 19:08:09,091 -  -> [체결 완료] bitget 주문 성공
2026-01-23 19:08:09,091 - Step 2/8 헷징
2026-01-23 19:08:09,091 - 비트겟 선물 숏 헷징
2026-01-23 19:08:09,182 -  -> 숏 포지션 진입 완료
2026-01-23 19:08:09,183 - Step 3/8 전송
2026-01-23 19:08:09,183 - 비트겟 -> 업비트 전송
2026-01-23 19:08:09,557 -  -> 출금 요청 완료 (0.11 SOL)
2026-01-23 19:08:09,557 - Step 4/8 입금 확인
2026-01-23 19:08:09,558 - 업비트 입금 확인 대기
2026-01-23 19:08:09,900 -  -> 검증 시작 | 시작 잔고: 0 | 목표 잔고: 0.099
2026-01-23 19:08:10,184 -  -> 대기중... 현재: 0 / 목표: 0.099 (부족량: 0.0990)
2026-01-23 19:08:20,505 -  -> 대기중... 현재: 0 / 목표: 0.099 (부족량: 0.0990)
2026-01-23 19:08:30,828 -  -> 대기중... 현재: 0 / 목표: 0.099 (부족량: 0.0990)
2026-01-23 19:08:41,186 -  -> 대기중... 현재: 0 / 목표: 0.099 (부족량: 0.0990)
2026-01-23 19:08:51,490 -  -> 대기중... 현재: 0 / 목표: 0.099 (부족량: 0.0990)
2026-01-23 19:09:01,807 -  -> 대기중... 현재: 0 / 목표: 0.099 (부족량: 0.0990)
2026-01-23 19:09:12,115 -  -> 대기중... 현재: 0 / 목표: 0.099 (부족량: 0.0990)
2026-01-23 19:09:22,414 -  -> 대기중... 현재: 0 / 목표: 0.099 (부족량: 0.0990)
2026-01-23 19:09:32,727 -  -> 대기중... 현재: 0 / 목표: 0.099 (부족량: 0.0990)
2026-01-23 19:09:43,084 -  -> 대기중... 현재: 0 / 목표: 0.099 (부족량: 0.0990)
2026-01-23 19:09:53,389 -  -> 대기중... 현재: 0 / 목표: 0.099 (부족량: 0.0990)
2026-01-23 19:10:03,681 -  -> 대기중... 현재: 0 / 목표: 0.099 (부족량: 0.0990)
2026-01-23 19:10:13,958 -  -> 대기중... 현재: 0 / 목표: 0.099 (부족량: 0.0990)
2026-01-23 19:10:24,287 -  -> 대기중... 현재: 0 / 목표: 0.099 (부족량: 0.0990)
2026-01-23 19:10:34,599 -  -> 대기중... 현재: 0 / 목표: 0.099 (부족량: 0.0990)
2026-01-23 19:10:44,949 -  -> 대기중... 현재: 0 / 목표: 0.099 (부족량: 0.0990)
2026-01-23 19:10:55,269 -  -> 대기중... 현재: 0 / 목표: 0.099 (부족량: 0.0990)
2026-01-23 19:11:05,578 -  -> 대기중... 현재: 0 / 목표: 0.099 (부족량: 0.0990)
2026-01-23 19:11:15,967 -  -> 대기중... 현재: 0 / 목표: 0.099 (부족량: 0.0990)
2026-01-23 19:11:26,303 -  -> 대기중... 현재: 0 / 목표: 0.099 (부족량: 0.0990)
2026-01-23 19:11:36,591 -  -> 대기중... 현재: 0 / 목표: 0.099 (부족량: 0.0990)
2026-01-23 19:11:46,928 -  -> 대기중... 현재: 0 / 목표: 0.099 (부족량: 0.0990)
2026-01-23 19:11:57,254 -  -> 대기중... 현재: 0 / 목표: 0.099 (부족량: 0.0990)
2026-01-23 19:12:07,634 -  -> 대기중... 현재: 0 / 목표: 0.099 (부족량: 0.0990)
2026-01-23 19:12:17,935 -  -> 대기중... 현재: 0 / 목표: 0.099 (부족량: 0.0990)
2026-01-23 19:12:28,283 -  -> 대기중... 현재: 0 / 목표: 0.099 (부족량: 0.0990)
2026-01-23 19:12:38,590 -  -> 대기중... 현재: 0 / 목표: 0.099 (부족량: 0.0990)
2026-01-23 19:12:48,961 -  -> 대기중... 현재: 0 / 목표: 0.099 (부족량: 0.0990)
2026-01-23 19:12:59,307 -  -> 대기중... 현재: 0 / 목표: 0.099 (부족량: 0.0990)
2026-01-23 19:13:09,653 -  -> [확인 완료] 현재 잔고: 0.104 >= 목표: 0.099
2026-01-23 19:13:09,653 - Step 5/8 매도
2026-01-23 19:13:09,653 - 업비트 SOL 매도 (현금화)
2026-01-23 19:13:09,927 -  -> 현재 잔고 조회 결과: 0.104 SOL
2026-01-23 19:13:10,240 -  -> [1회차] 매도 시도: 188800 (수량: 0.104)
2026-01-23 19:13:11,867 -  -> [체결 완료] upbit 주문 성공
2026-01-23 19:13:11,867 - Step 6/8 숏 정리
2026-01-23 19:13:11,867 - 비트겟 숏 포지션 정리
2026-01-23 19:13:11,947 -  -> 숏 포지션 종료 완료
2026-01-23 19:13:11,948 - Step 7/8 환전
2026-01-23 19:13:11,948 - KRW -> USDT 재매수
2026-01-23 19:13:14,556 -  -> 환전 시도: 19616원 (약 13.2098 USDT)
2026-01-23 19:13:14,794 -  -> [1회차] 매수 시도: 1485 (수량: 13.2098)
2026-01-23 19:13:16,442 -  -> [체결 완료] upbit 주문 성공
2026-01-23 19:13:16,442 - Step 8/8 USDT 전송
2026-01-23 19:13:16,442 - USDT -> 비트겟 전송 (TRC20)
2026-01-23 19:13:18,742 -  -> 전송 시도: 13.21 USDT -> TQMYawtVdgjr67sEmKmQV1DG9W1z74iuze
2026-01-23 19:13:19,494 -  -> [성공] 출금 신청 완료! (UUID: c5905fb6-dcc5-4035-99cd-1b587d17fa15)
2026-01-23 19:13:19,494 - === 프로세스 종료 ===
